<?xml version="1.0" encoding="UTF-8"?>
<testng-results ignored="0" total="1" passed="1" failed="0" skipped="0">
  <reporter-output>
  </reporter-output>
  <suite started-at="2021-01-08T17:52:16 IST" name="com.seleniumautomation.StepDefinition.TestNextGeneration" finished-at="2021-01-08T17:52:16 IST" duration-ms="63">
    <groups>
    </groups>
    <test started-at="2021-01-08T17:52:16 IST" name="Command line test" finished-at="2021-01-08T17:52:16 IST" duration-ms="63">
      <class name="com.seleniumautomation.StepDefinition.TestNextGeneration">
        <test-method is-config="true" signature="launchBrowser()[pri:0, instance:com.seleniumautomation.StepDefinition.TestNextGeneration@7a30d1e6]" started-at="2021-01-08T17:52:16 IST" name="launchBrowser" finished-at="2021-01-08T17:52:16 IST" duration-ms="12" status="PASS">
          <reporter-output>
          </reporter-output>
        </test-method> <!-- launchBrowser -->
        <test-method is-config="true" signature="beforemethod()[pri:0, instance:com.seleniumautomation.StepDefinition.TestNextGeneration@7a30d1e6]" started-at="2021-01-08T17:52:16 IST" name="beforemethod" finished-at="2021-01-08T17:52:16 IST" duration-ms="0" status="PASS">
          <reporter-output>
          </reporter-output>
        </test-method> <!-- beforemethod -->
        <test-method signature="verifyHomepageTitle()[pri:0, instance:com.seleniumautomation.StepDefinition.TestNextGeneration@7a30d1e6]" started-at="2021-01-08T17:52:16 IST" name="verifyHomepageTitle" finished-at="2021-01-08T17:52:16 IST" duration-ms="1" status="PASS">
          <reporter-output>
          </reporter-output>
        </test-method> <!-- verifyHomepageTitle -->
        <test-method is-config="true" signature="aftermethod()[pri:0, instance:com.seleniumautomation.StepDefinition.TestNextGeneration@7a30d1e6]" started-at="2021-01-08T17:52:16 IST" name="aftermethod" finished-at="2021-01-08T17:52:16 IST" duration-ms="1" status="PASS">
          <reporter-output>
          </reporter-output>
        </test-method> <!-- aftermethod -->
        <test-method is-config="true" signature="terminateBrowser()[pri:0, instance:com.seleniumautomation.StepDefinition.TestNextGeneration@7a30d1e6]" started-at="2021-01-08T17:52:16 IST" name="terminateBrowser" finished-at="2021-01-08T17:52:16 IST" duration-ms="1" status="PASS">
          <reporter-output>
          </reporter-output>
        </test-method> <!-- terminateBrowser -->
      </class> <!-- com.seleniumautomation.StepDefinition.TestNextGeneration -->
    </test> <!-- Command line test -->
  </suite> <!-- com.seleniumautomation.StepDefinition.TestNextGeneration -->
</testng-results>
